\BOOKMARK [1][-]{section.1}{El\040Churque\040-\040Entrada\040\(FID:0,\040ID:36\)}{}% 1
\BOOKMARK [2][-]{subsection.1.1}{Resumen\040aforos\040El\040Churque\040-\040Entrada\040\(FID:0,\040ID:36\)}{section.1}% 2
\BOOKMARK [2][-]{subsection.1.2}{Construcción curvas de descarga estación telemétrica El Churque - Entrada \(FID:0, ID:36\)}{section.1}% 3
\BOOKMARK [3][-]{subsubsection.1.2.1}{Curva\040de\040descarga\040FID:0}{subsection.1.2}% 4
\BOOKMARK [3][-]{subsubsection.1.2.2}{Curva\040de\040descarga\040ID:36}{subsection.1.2}% 5
\BOOKMARK [2][-]{subsection.1.3}{Comparación curvas de descarga estación telemétrica El Churque - Entrada \(FID:0, ID:36\)}{section.1}% 6
\BOOKMARK [1][-]{section.2}{Control Agrícola Tamaya \(ID:37\)}{}% 7
\BOOKMARK [2][-]{subsection.2.1}{Resumen aforos Control Agrícola Tamaya \(ID:37\)}{section.2}% 8
\BOOKMARK [2][-]{subsection.2.2}{Construcción curvas de descarga estación telemétrica Control Agrícola Tamaya \(ID:37\)}{section.2}% 9
\BOOKMARK [3][-]{subsubsection.2.2.1}{Curva de descarga Control Agrícola Tamaya}{subsection.2.2}% 10
\BOOKMARK [3][-]{subsubsection.2.2.2}{Curva\040de\040descarga\040ID:37}{subsection.2.2}% 11
\BOOKMARK [2][-]{subsection.2.3}{Comparación curvas de descarga estación telemétrica Control Agrícola Tamaya \(ID:37\)}{section.2}% 12
\BOOKMARK [1][-]{section.3}{Embalse\040Rumay\040-\040Entrada\040\(FID:15\040ID:39\)}{}% 13
\BOOKMARK [2][-]{subsection.3.1}{Resumen\040aforos\040Embalse\040Rumay\040-\040Entrada\040\(FID:15\040ID:39\)}{section.3}% 14
\BOOKMARK [2][-]{subsection.3.2}{Construcción curvas de descarga estación telemétrica Embalse Rumay - Entrada \(FID:15 ID:39\)}{section.3}% 15
\BOOKMARK [3][-]{subsubsection.3.2.1}{Curva\040de\040descarga\040FID:15}{subsection.3.2}% 16
\BOOKMARK [3][-]{subsubsection.3.2.2}{Curva\040de\040descarga\040ID:39}{subsection.3.2}% 17
\BOOKMARK [2][-]{subsection.3.3}{Comparación curvas de descarga estación telemétrica Embalse Rumay - Entrada \(FID:15 ID:39\)}{section.3}% 18
\BOOKMARK [1][-]{section.4}{Embalse\040Santa\040Cristina\040-\040Entrada\040\(ID:41\)}{}% 19
\BOOKMARK [2][-]{subsection.4.1}{Resumen\040aforos\040Embalse\040Santa\040Cristina\040-\040Entrada\040\(ID:41\)}{section.4}% 20
\BOOKMARK [2][-]{subsection.4.2}{Construcción curvas de descarga estación telemétrica Embalse Santa Cristina - Entrada \(ID:41\)}{section.4}% 21
\BOOKMARK [3][-]{subsubsection.4.2.1}{Curva\040de\040descarga\040Embalse\040Santa\040Cristina\040-\040Entrada}{subsection.4.2}% 22
\BOOKMARK [3][-]{subsubsection.4.2.2}{Curva\040de\040descarga\040ID:41}{subsection.4.2}% 23
\BOOKMARK [2][-]{subsection.4.3}{Comparación curvas de descarga estación telemétrica Embalse Santa Cristina - Entrada \(ID:41\)}{section.4}% 24
\BOOKMARK [1][-]{section.5}{Embalse\040Santa\040Cristina\040-\040Salida\040\(ID:42\)}{}% 25
\BOOKMARK [2][-]{subsection.5.1}{Resumen\040aforos\040Embalse\040Santa\040Cristina\040-\040Salida\040\(ID:42\)}{section.5}% 26
\BOOKMARK [2][-]{subsection.5.2}{Construcción curvas de descarga estación telemétrica Embalse Santa Cristina - Salida \(ID:42\)}{section.5}% 27
\BOOKMARK [3][-]{subsubsection.5.2.1}{Curva\040de\040descarga\040Embalse\040Santa\040Cristina\040-\040Salida}{subsection.5.2}% 28
\BOOKMARK [3][-]{subsubsection.5.2.2}{Curva\040de\040descarga\040ID:42}{subsection.5.2}% 29
\BOOKMARK [2][-]{subsection.5.3}{Comparación curvas de descarga estación telemétrica Embalse Santa Cristina - Salida \(ID:42\)}{section.5}% 30
