\BOOKMARK [1][-]{section.1}{Introducción}{}% 1
\BOOKMARK [1][-]{section.2}{Procedimiento\040de\040aforo}{}% 2
\BOOKMARK [1][-]{section.3}{Metodología de generación de la curva de descarga}{}% 3
\BOOKMARK [2][-]{subsection.3.1}{Preparación de los datos.}{section.3}% 4
\BOOKMARK [2][-]{subsection.3.2}{Construcción de la curva de descarga.}{section.3}% 5
\BOOKMARK [1][-]{section.4}{Curvas de descarga de las estaciones de telemetría de la red hídrica de la ACER}{}% 6
\BOOKMARK [1][-]{section.5}{Estado de las curvas de descarga de las estaciones telemétricas}{}% 7
\BOOKMARK [1][-]{section.6}{Estación telemétrica Matriz Recoleta - Algarrobo \(ID:1\)}{}% 8
\BOOKMARK [2][-]{subsection.6.1}{Estación de telemetría y sección de aforo}{section.6}% 9
\BOOKMARK [2][-]{subsection.6.2}{Curva\040de\040descarga}{section.6}% 10
\BOOKMARK [1][-]{section.7}{Estación telemétrica Matriz Tuquí Talhuén - Inicio \(ID:2\)}{}% 11
\BOOKMARK [2][-]{subsection.7.1}{Estación de telemetría y sección de aforo}{section.7}% 12
\BOOKMARK [2][-]{subsection.7.2}{Curva\040de\040descarga}{section.7}% 13
\BOOKMARK [1][-]{section.8}{Estación telemétrica Matriz Tuquí Talhuén - Fin \(ID:3\)}{}% 14
\BOOKMARK [2][-]{subsection.8.1}{Estación de telemetría y sección de aforo}{section.8}% 15
\BOOKMARK [2][-]{subsection.8.2}{Curva\040de\040descarga}{section.8}% 16
\BOOKMARK [1][-]{section.9}{Estación telemétrica Tuquí - Gato \(ID:4\)}{}% 17
\BOOKMARK [2][-]{subsection.9.1}{Estación de telemetría y sección de aforo}{section.9}% 18
\BOOKMARK [2][-]{subsection.9.2}{Curva\040de\040descarga}{section.9}% 19
\BOOKMARK [1][-]{section.10}{Estación telemétrica Villaseca - El Rincón \(ID:5\)}{}% 20
\BOOKMARK [2][-]{subsection.10.1}{Estación de telemetría y sección de aforo}{section.10}% 21
\BOOKMARK [2][-]{subsection.10.2}{Curva\040de\040descarga}{section.10}% 22
\BOOKMARK [1][-]{section.11}{Estación telemétrica Derivado Recoleta \(ID:6\)}{}% 23
\BOOKMARK [2][-]{subsection.11.1}{Estación de telemetría y sección de aforo}{section.11}% 24
\BOOKMARK [2][-]{subsection.11.2}{Curva\040de\040descarga}{section.11}% 25
\BOOKMARK [1][-]{section.12}{Estación telemétrica Talhuén - Munizaga \(ID:7\)}{}% 26
\BOOKMARK [2][-]{subsection.12.1}{Estación de telemetría y sección de aforo}{section.12}% 27
\BOOKMARK [2][-]{subsection.12.2}{Curva\040de\040descarga}{section.12}% 28
\BOOKMARK [1][-]{section.13}{Estación telemétrica Talhuén - Flor del Norte \(ID:8\)}{}% 29
\BOOKMARK [2][-]{subsection.13.1}{Estación de telemetría y sección de aforo}{section.13}% 30
\BOOKMARK [2][-]{subsection.13.2}{Curva\040de\040descarga}{section.13}% 31
\BOOKMARK [1][-]{section.14}{Estación telemétrica Colonia - Talhuén \(ID:9\)}{}% 32
\BOOKMARK [2][-]{subsection.14.1}{Estación de telemetría y sección de aforo}{section.14}% 33
\BOOKMARK [2][-]{subsection.14.2}{Curva\040de\040descarga}{section.14}% 34
\BOOKMARK [1][-]{section.15}{Estación telemétrica Embalse El Uno - Entrada \(ID:10\)}{}% 35
\BOOKMARK [2][-]{subsection.15.1}{Estación de telemetría y sección de aforo}{section.15}% 36
\BOOKMARK [2][-]{subsection.15.2}{Curva\040de\040descarga}{section.15}% 37
\BOOKMARK [1][-]{section.16}{Estación telemétrica Embalse El Uno - Salida \(ID:11\)}{}% 38
\BOOKMARK [2][-]{subsection.16.1}{Estación de telemetría y sección de aforo}{section.16}% 39
\BOOKMARK [2][-]{subsection.16.2}{Curva\040de\040descarga}{section.16}% 40
\BOOKMARK [1][-]{section.17}{Estación telemétrica Flor Del Norte \(ID:12\)}{}% 41
\BOOKMARK [2][-]{subsection.17.1}{Estación de telemetría y sección de aforo}{section.17}% 42
\BOOKMARK [2][-]{subsection.17.2}{Curva\040de\040descarga}{section.17}% 43
\BOOKMARK [1][-]{section.18}{Estación telemétrica Embalse El Seis - Entrada \(ID:13\)}{}% 44
\BOOKMARK [2][-]{subsection.18.1}{Estación de telemetría y sección de aforo}{section.18}% 45
\BOOKMARK [2][-]{subsection.18.2}{Curva\040de\040descarga}{section.18}% 46
\BOOKMARK [1][-]{section.19}{Estación telemétrica Embalse El Seis - Salida \(ID:14\)}{}% 47
\BOOKMARK [2][-]{subsection.19.1}{Estación de telemetría y sección de aforo}{section.19}% 48
\BOOKMARK [2][-]{subsection.19.2}{Curva\040de\040descarga}{section.19}% 49
\BOOKMARK [1][-]{section.20}{Estación telemétrica San Luis \(ID:15\)}{}% 50
\BOOKMARK [2][-]{subsection.20.1}{Estación de telemetría y sección de aforo}{section.20}% 51
\BOOKMARK [2][-]{subsection.20.2}{Curva\040de\040descarga}{section.20}% 52
\BOOKMARK [1][-]{section.21}{Estación telemétrica Embalse El Nueve-Entrada \(ID:16\)}{}% 53
\BOOKMARK [2][-]{subsection.21.1}{Estación de telemetría y sección de aforo}{section.21}% 54
\BOOKMARK [2][-]{subsection.21.2}{Curva\040de\040descarga}{section.21}% 55
\BOOKMARK [1][-]{section.22}{Estación telemétrica Embalse El Nueve-Salida \(ID:17\)}{}% 56
\BOOKMARK [2][-]{subsection.22.1}{Estación de telemetría y sección de aforo}{section.22}% 57
\BOOKMARK [2][-]{subsection.22.2}{Curva\040de\040descarga}{section.22}% 58
\BOOKMARK [1][-]{section.23}{Estación telemétrica Villalón - La Placa \(ID:18\)}{}% 59
\BOOKMARK [2][-]{subsection.23.1}{Estación de telemetría y sección de aforo}{section.23}% 60
\BOOKMARK [2][-]{subsection.23.2}{Curva\040de\040descarga}{section.23}% 61
\BOOKMARK [1][-]{section.24}{Estación telemétrica Villalón - Peñita Tamaya \(ID:19\)}{}% 62
\BOOKMARK [2][-]{subsection.24.1}{Estación de telemetría y sección de aforo}{section.24}% 63
\BOOKMARK [2][-]{subsection.24.2}{Curva\040de\040descarga}{section.24}% 64
\BOOKMARK [1][-]{section.25}{Estación telemétrica Villalón - Entrada Embalse Concepción \(ID:20\)}{}% 65
\BOOKMARK [2][-]{subsection.25.1}{Estación de telemetría y sección de aforo}{section.25}% 66
\BOOKMARK [2][-]{subsection.25.2}{Curva\040de\040descarga}{section.25}% 67
\BOOKMARK [1][-]{section.26}{Estación telemétrica Cerrillos Pobres - Peñita \(ID:21\)}{}% 68
\BOOKMARK [2][-]{subsection.26.1}{Estación de telemetría y sección de aforo}{section.26}% 69
\BOOKMARK [2][-]{subsection.26.2}{Curva\040de\040descarga}{section.26}% 70
\BOOKMARK [1][-]{section.27}{Estación telemétrica El Olivo por Alcayaga \(ID:22\)}{}% 71
\BOOKMARK [2][-]{subsection.27.1}{Estación de telemetría y sección de aforo}{section.27}% 72
\BOOKMARK [2][-]{subsection.27.2}{Curva\040de\040descarga}{section.27}% 73
\BOOKMARK [1][-]{section.28}{Estación telemétrica Cerrillos Pobres antes San Juan \(ID:23\)}{}% 74
\BOOKMARK [2][-]{subsection.28.1}{Estación de telemetría y sección de aforo}{section.28}% 75
\BOOKMARK [2][-]{subsection.28.2}{Curva\040de\040descarga}{section.28}% 76
\BOOKMARK [1][-]{section.29}{Estación telemétrica San Juan por los Olivos \(ID:24\)}{}% 77
\BOOKMARK [2][-]{subsection.29.1}{Estación de telemetría y sección de aforo}{section.29}% 78
\BOOKMARK [2][-]{subsection.29.2}{Curva\040de\040descarga}{section.29}% 79
\BOOKMARK [1][-]{section.30}{Estación telemétrica El Progreso \(ID:25\)}{}% 80
\BOOKMARK [2][-]{subsection.30.1}{Estación de telemetría y sección de aforo}{section.30}% 81
\BOOKMARK [2][-]{subsection.30.2}{Curva\040de\040descarga}{section.30}% 82
\BOOKMARK [1][-]{section.31}{Estación telemétrica Embalse El Progreso - Salida \(ID:26\)}{}% 83
\BOOKMARK [2][-]{subsection.31.1}{Estación de telemetría y sección de aforo}{section.31}% 84
\BOOKMARK [2][-]{subsection.31.2}{Curva\040de\040descarga}{section.31}% 85
\BOOKMARK [1][-]{section.32}{Estación telemétrica San Guillermo \(ID:27\)}{}% 86
\BOOKMARK [2][-]{subsection.32.1}{Estación de telemetría y sección de aforo}{section.32}% 87
\BOOKMARK [2][-]{subsection.32.2}{Curva\040de\040descarga}{section.32}% 88
\BOOKMARK [1][-]{section.33}{Estación telemétrica Rumiñan \(ID:28\)}{}% 89
\BOOKMARK [2][-]{subsection.33.1}{Estación de telemetría y sección de aforo}{section.33}% 90
\BOOKMARK [2][-]{subsection.33.2}{Curva\040de\040descarga}{section.33}% 91
\BOOKMARK [1][-]{section.34}{Estación telemétrica Embalse Rumiñan - Salida \(ID:29\)}{}% 92
\BOOKMARK [2][-]{subsection.34.1}{Estación de telemetría y sección de aforo}{section.34}% 93
\BOOKMARK [2][-]{subsection.34.2}{Curva\040de\040descarga}{section.34}% 94
\BOOKMARK [1][-]{section.35}{Estación telemétrica San Antonio Izquierdo \(ID:30\)}{}% 95
\BOOKMARK [2][-]{subsection.35.1}{Estación de telemetría y sección de aforo}{section.35}% 96
\BOOKMARK [2][-]{subsection.35.2}{Curva\040de\040descarga}{section.35}% 97
\BOOKMARK [1][-]{section.36}{Estación telemétrica El Romero \(ID:31\)}{}% 98
\BOOKMARK [2][-]{subsection.36.1}{Estación de telemetría y sección de aforo}{section.36}% 99
\BOOKMARK [2][-]{subsection.36.2}{Curva\040de\040descarga}{section.36}% 100
\BOOKMARK [1][-]{section.37}{Estación telemétrica El Olivo \(ID:32\)}{}% 101
\BOOKMARK [2][-]{subsection.37.1}{Estación de telemetría y sección de aforo}{section.37}% 102
\BOOKMARK [2][-]{subsection.37.2}{Curva\040de\040descarga}{section.37}% 103
\BOOKMARK [1][-]{section.38}{Estación telemétrica Embalse Rumay - Salida \(ID:33\)}{}% 104
\BOOKMARK [2][-]{subsection.38.1}{Estación de telemetría y sección de aforo}{section.38}% 105
\BOOKMARK [2][-]{subsection.38.2}{Curva\040de\040descarga}{section.38}% 106
\BOOKMARK [1][-]{section.39}{Estación telemétrica San Guillermo colero \(ID:34\)}{}% 107
\BOOKMARK [2][-]{subsection.39.1}{Estación de telemetría y sección de aforo}{section.39}% 108
\BOOKMARK [1][-]{section.40}{Estación telemétrica Arquería \(ID:35\)}{}% 109
\BOOKMARK [2][-]{subsection.40.1}{Estación de telemetría y sección de aforo}{section.40}% 110
\BOOKMARK [1][-]{section.41}{Estación telemétrica El Churque - Entrada \(ID:36\)}{}% 111
\BOOKMARK [2][-]{subsection.41.1}{Estación de telemetría y sección de aforo}{section.41}% 112
\BOOKMARK [2][-]{subsection.41.2}{Curva\040de\040descarga}{section.41}% 113
\BOOKMARK [1][-]{section.42}{Estación telemétrica Control Agrícola Tamaya \(ID:37\)}{}% 114
\BOOKMARK [2][-]{subsection.42.1}{Estación de telemetría y sección de aforo}{section.42}% 115
\BOOKMARK [2][-]{subsection.42.2}{Curva\040de\040descarga}{section.42}% 116
\BOOKMARK [1][-]{section.43}{Estación telemétrica Antes de Entrega Rumay \(ID:38\)}{}% 117
\BOOKMARK [2][-]{subsection.43.1}{Estación de telemetría y sección de aforo}{section.43}% 118
\BOOKMARK [1][-]{section.44}{Estación telemétrica Embalse Rumay - Entrada \(ID:39\)}{}% 119
\BOOKMARK [2][-]{subsection.44.1}{Estación de telemetría y sección de aforo}{section.44}% 120
\BOOKMARK [2][-]{subsection.44.2}{Curva\040de\040descarga}{section.44}% 121
\BOOKMARK [1][-]{section.45}{Estación telemétrica Embalse Bandurrias - Entrada \(ID:40\)}{}% 122
\BOOKMARK [2][-]{subsection.45.1}{Estación de telemetría y sección de aforo}{section.45}% 123
\BOOKMARK [1][-]{section.46}{Estación telemétrica Embalse Santa Cristina - Entrada \(ID:41\)}{}% 124
\BOOKMARK [2][-]{subsection.46.1}{Estación de telemetría y sección de aforo}{section.46}% 125
\BOOKMARK [2][-]{subsection.46.2}{Curva\040de\040descarga}{section.46}% 126
\BOOKMARK [1][-]{section.47}{Estación telemétrica Embalse Santa Cristina - Salida \(ID:42\)}{}% 127
\BOOKMARK [2][-]{subsection.47.1}{Estación de telemetría y sección de aforo}{section.47}% 128
\BOOKMARK [2][-]{subsection.47.2}{Curva\040de\040descarga}{section.47}% 129
\BOOKMARK [1][-]{section.48}{Anexos}{}% 130
